<?xml version="1.0" encoding="UTF-8"?>
<!-- Generated by org.testng.reporters.JUnitReportReporter -->
<testsuite skipped="0" hostname="Dell" name="WebServices.Test_Post_001" tests="1" failures="0" timestamp="14 Aug 2020 08:01:14 GMT" time="3.404" errors="0">
  <testcase name="simple_Delete_Method" time="3.404" classname="WebServices.Test_Post_001"/>
</testsuite> <!-- WebServices.Test_Post_001 -->
