<?xml version="1.0" encoding="UTF-8"?>
<!-- Generated by org.testng.reporters.JUnitReportReporter -->
<testsuite skipped="0" hostname="Dell" name="com.employeeapi.testCases.TC002_Get_All_EmployeesByID" tests="6" failures="0" timestamp="23 Aug 2020 11:22:52 GMT" time="0.040" errors="0">
  <testcase name="checkResponseBody" time="0.008" classname="com.employeeapi.testCases.TC002_Get_All_EmployeesByID"/>
  <testcase name="checkStatusLine" time="0.004" classname="com.employeeapi.testCases.TC002_Get_All_EmployeesByID"/>
  <testcase name="checkContentType" time="0.010" classname="com.employeeapi.testCases.TC002_Get_All_EmployeesByID"/>
  <testcase name="checkContentLength" time="0.011" classname="com.employeeapi.testCases.TC002_Get_All_EmployeesByID"/>
  <testcase name="getResponseTime" time="0.003" classname="com.employeeapi.testCases.TC002_Get_All_EmployeesByID"/>
  <testcase name="checkStatusCode" time="0.004" classname="com.employeeapi.testCases.TC002_Get_All_EmployeesByID"/>
</testsuite> <!-- com.employeeapi.testCases.TC002_Get_All_EmployeesByID -->
