<?xml version="1.0" encoding="UTF-8"?>
<!-- Generated by org.testng.reporters.JUnitReportReporter -->
<testsuite skipped="0" hostname="Dell" name="MyLocalAPI.Test_001_DeleteMethod" tests="1" failures="0" timestamp="15 Aug 2020 07:35:33 GMT" time="2.328" errors="0">
  <testcase name="DeleteByID" time="2.328" classname="MyLocalAPI.Test_001_DeleteMethod"/>
</testsuite> <!-- MyLocalAPI.Test_001_DeleteMethod -->
