<?xml version="1.0" encoding="UTF-8"?>
<!-- Generated by org.testng.reporters.JUnitReportReporter -->
<testsuite skipped="0" hostname="Dell" name="com.employeeapi.testCases.TC003_POST_Add_Details" tests="6" failures="0" timestamp="23 Aug 2020 11:22:52 GMT" time="0.035" errors="0">
  <testcase name="checkStatusCode" time="0.005" classname="com.employeeapi.testCases.TC003_POST_Add_Details"/>
  <testcase name="checkResponseTime" time="0.002" classname="com.employeeapi.testCases.TC003_POST_Add_Details"/>
  <testcase name="checkStatusLine" time="0.002" classname="com.employeeapi.testCases.TC003_POST_Add_Details"/>
  <testcase name="checkContentType" time="0.006" classname="com.employeeapi.testCases.TC003_POST_Add_Details"/>
  <testcase name="checkContentLength" time="0.013" classname="com.employeeapi.testCases.TC003_POST_Add_Details"/>
  <testcase name="checkResponseBody" time="0.007" classname="com.employeeapi.testCases.TC003_POST_Add_Details"/>
</testsuite> <!-- com.employeeapi.testCases.TC003_POST_Add_Details -->
