<?xml version="1.0" encoding="UTF-8"?>
<!-- Generated by org.testng.reporters.JUnitReportReporter -->
<testsuite skipped="0" hostname="Dell" name="RestAssuredLotto.Lotto_GET" tests="1" failures="0" timestamp="15 Aug 2020 14:09:47 GMT" time="3.012" errors="0">
  <testcase name="getMethod" time="3.012" classname="RestAssuredLotto.Lotto_GET"/>
</testsuite> <!-- RestAssuredLotto.Lotto_GET -->
