<?xml version="1.0" encoding="UTF-8"?>
<!-- Generated by org.testng.reporters.JUnitReportReporter -->
<testsuite skipped="0" hostname="Dell" name="SdetAPITest.TC001_GET_Request" tests="1" failures="0" timestamp="17 Aug 2020 15:45:04 GMT" time="3.738" errors="0">
  <testcase name="getUserDetails" time="3.738" classname="SdetAPITest.TC001_GET_Request"/>
</testsuite> <!-- SdetAPITest.TC001_GET_Request -->
