<?xml version="1.0" encoding="UTF-8"?>
<!-- Generated by org.testng.reporters.JUnitReportReporter -->
<testsuite skipped="0" hostname="Dell" name="MyLocalAPI.Test_001_GetAPI" tests="1" failures="0" timestamp="17 Aug 2020 14:59:01 GMT" time="2.177" errors="0">
  <testcase name="GetParams" time="2.177" classname="MyLocalAPI.Test_001_GetAPI"/>
</testsuite> <!-- MyLocalAPI.Test_001_GetAPI -->
