<?xml version="1.0" encoding="UTF-8"?>
<!-- Generated by org.testng.reporters.JUnitReportReporter -->
<testsuite skipped="0" hostname="Dell" name="com.employeeapi.testCases.TC003_PUT_Update_Details" tests="6" failures="0" timestamp="23 Aug 2020 11:22:52 GMT" time="0.023" errors="0">
  <testcase name="checkContentType" time="0.007" classname="com.employeeapi.testCases.TC003_PUT_Update_Details"/>
  <testcase name="checkContentLength" time="0.004" classname="com.employeeapi.testCases.TC003_PUT_Update_Details"/>
  <testcase name="checkStatusLine" time="0.003" classname="com.employeeapi.testCases.TC003_PUT_Update_Details"/>
  <testcase name="checkResponseTime" time="0.002" classname="com.employeeapi.testCases.TC003_PUT_Update_Details"/>
  <testcase name="checkStatusCode" time="0.004" classname="com.employeeapi.testCases.TC003_PUT_Update_Details"/>
  <testcase name="checkResponseBody" time="0.003" classname="com.employeeapi.testCases.TC003_PUT_Update_Details"/>
</testsuite> <!-- com.employeeapi.testCases.TC003_PUT_Update_Details -->
