<?xml version="1.0" encoding="UTF-8"?>
<!-- Generated by org.testng.reporters.JUnitReportReporter -->
<testsuite skipped="0" hostname="Dell" name="GoogleAPIAutomation.TC001_GET_GoogleAPI" tests="2" failures="0" timestamp="19 Aug 2020 07:06:50 GMT" time="2.230" errors="0">
  <testcase name="GetLocationDetails" time="2.199" classname="GoogleAPIAutomation.TC001_GET_GoogleAPI"/>
  <testcase name="getHeader" time="0.031" classname="GoogleAPIAutomation.TC001_GET_GoogleAPI"/>
</testsuite> <!-- GoogleAPIAutomation.TC001_GET_GoogleAPI -->
