<?xml version="1.0" encoding="UTF-8"?>
<!-- Generated by org.testng.reporters.JUnitReportReporter -->
<testsuite skipped="0" hostname="Dell" name="MyLocalAPI.Test_001_PatchMethod" tests="1" failures="0" timestamp="17 Aug 2020 15:04:21 GMT" time="2.236" errors="0">
  <testcase name="PatchMethod" time="2.236" classname="MyLocalAPI.Test_001_PatchMethod"/>
</testsuite> <!-- MyLocalAPI.Test_001_PatchMethod -->
