<?xml version="1.0" encoding="UTF-8"?>
<!-- Generated by org.testng.reporters.JUnitReportReporter -->
<testsuite skipped="0" hostname="Dell" name="MyLocalAPI.Test_002_PostAPI" tests="2" failures="0" timestamp="14 Aug 2020 15:26:51 GMT" time="2.225" errors="0">
  <testcase name="serachByTitle" time="0.063" classname="MyLocalAPI.Test_002_PostAPI"/>
  <testcase name="searchByID" time="2.162" classname="MyLocalAPI.Test_002_PostAPI"/>
</testsuite> <!-- MyLocalAPI.Test_002_PostAPI -->
