<?xml version="1.0" encoding="UTF-8"?>
<!-- Generated by org.testng.reporters.JUnitReportReporter -->
<testsuite skipped="0" hostname="Dell" name="WebServices.Test001_GET" tests="1" failures="0" timestamp="14 Aug 2020 05:29:06 GMT" time="4.638" errors="0">
  <testcase name="testGet" time="4.638" classname="WebServices.Test001_GET"/>
</testsuite> <!-- WebServices.Test001_GET -->
