<?xml version="1.0" encoding="UTF-8"?>
<!-- Generated by org.testng.reporters.JUnitReportReporter -->
<testsuite skipped="0" hostname="Dell" name="WebServices.sample" tests="1" failures="0" timestamp="13 Aug 2020 11:22:12 GMT" time="0.011" errors="0">
  <testcase name="simple" time="0.011" classname="WebServices.sample"/>
</testsuite> <!-- WebServices.sample -->
