<?xml version="1.0" encoding="UTF-8"?>
<!-- Generated by org.testng.reporters.JUnitReportReporter -->
<testsuite skipped="0" hostname="Dell" name="MyLocalAPI.Test_DataDriven_PostMethod" tests="2" failures="0" timestamp="15 Aug 2020 06:57:31 GMT" time="2.320" errors="0">
  <testcase name="test_post" time="2.285" classname="MyLocalAPI.Test_DataDriven_PostMethod"/>
  <testcase name="test_post" time="0.035" classname="MyLocalAPI.Test_DataDriven_PostMethod"/>
</testsuite> <!-- MyLocalAPI.Test_DataDriven_PostMethod -->
