<?xml version="1.0" encoding="UTF-8"?>
<!-- Generated by org.testng.reporters.JUnitReportReporter -->
<testsuite skipped="0" hostname="Dell" name="com.employeeapi.testCases.TC005_DELETE_Employee_ByID" tests="6" failures="0" timestamp="23 Aug 2020 11:22:52 GMT" time="0.027" errors="0">
  <testcase name="checkStatusCode" time="0.003" classname="com.employeeapi.testCases.TC005_DELETE_Employee_ByID"/>
  <testcase name="checkResponseBody" time="0.002" classname="com.employeeapi.testCases.TC005_DELETE_Employee_ByID"/>
  <testcase name="getResponseTime" time="0.003" classname="com.employeeapi.testCases.TC005_DELETE_Employee_ByID"/>
  <testcase name="checkContentLength" time="0.005" classname="com.employeeapi.testCases.TC005_DELETE_Employee_ByID"/>
  <testcase name="checkStatusLine" time="0.006" classname="com.employeeapi.testCases.TC005_DELETE_Employee_ByID"/>
  <testcase name="checkContentType" time="0.008" classname="com.employeeapi.testCases.TC005_DELETE_Employee_ByID"/>
</testsuite> <!-- com.employeeapi.testCases.TC005_DELETE_Employee_ByID -->
