<?xml version="1.0" encoding="UTF-8"?>
<!-- Generated by org.testng.reporters.JUnitReportReporter -->
<testsuite skipped="0" hostname="Dell" name="SdetAPITest.TC001_POST_Request" tests="1" failures="0" timestamp="17 Aug 2020 16:41:06 GMT" time="4.046" errors="0">
  <testcase name="registrationSuccessful" time="4.046" classname="SdetAPITest.TC001_POST_Request"/>
</testsuite> <!-- SdetAPITest.TC001_POST_Request -->
